This is pdfTeX, Version 3.14159265-2.6-1.40.18 (MiKTeX 2.9.6350 64-bit) (preloaded format=pdflatex 2017.10.16)  16 OCT 2017 14:26
entering extended mode
**./arithmetic.tex
(arithmetic.tex
LaTeX2e <2017-04-15>
Babel <3.10> and hyphenation patterns for 75 language(s) loaded.
("C:\Program Files\MiKTeX 2.9\tex\latex\base\article.cls"
Document Class: article 2014/09/29 v1.4h Standard LaTeX document class
("C:\Program Files\MiKTeX 2.9\tex\latex\base\size10.clo"
File: size10.clo 2014/09/29 v1.4h Standard LaTeX file (size option)
)
\c@part=\count79
\c@section=\count80
\c@subsection=\count81
\c@subsubsection=\count82
\c@paragraph=\count83
\c@subparagraph=\count84
\c@figure=\count85
\c@table=\count86
\abovecaptionskip=\skip41
\belowcaptionskip=\skip42
\bibindent=\dimen102
)
("C:\Program Files\MiKTeX 2.9\tex\latex\graphics\graphicx.sty"
Package: graphicx 2014/10/28 v1.0g Enhanced LaTeX Graphics (DPC,SPQR)

("C:\Program Files\MiKTeX 2.9\tex\latex\graphics\keyval.sty"
Package: keyval 2014/10/28 v1.15 key=value parser (DPC)
\KV@toks@=\toks14
)
("C:\Program Files\MiKTeX 2.9\tex\latex\graphics\graphics.sty"
Package: graphics 2017/04/14 v1.1b Standard LaTeX Graphics (DPC,SPQR)

("C:\Program Files\MiKTeX 2.9\tex\latex\graphics\trig.sty"
Package: trig 2016/01/03 v1.10 sin cos tan (DPC)
)
("C:\Program Files\MiKTeX 2.9\tex\latex\graphics-cfg\graphics.cfg"
File: graphics.cfg 2016/06/04 v1.11 sample graphics configuration
)
Package graphics Info: Driver file: pdftex.def on input line 99.

("C:\Program Files\MiKTeX 2.9\tex\latex\graphics-def\pdftex.def"
File: pdftex.def 2017/01/12 v0.06k Graphics/color for pdfTeX

("C:\Program Files\MiKTeX 2.9\tex\generic\oberdiek\infwarerr.sty"
Package: infwarerr 2016/05/16 v1.4 Providing info/warning/error messages (HO)
)
("C:\Program Files\MiKTeX 2.9\tex\generic\oberdiek\ltxcmds.sty"
Package: ltxcmds 2016/05/16 v1.23 LaTeX kernel commands for general use (HO)
)
\Gread@gobject=\count87
))
\Gin@req@height=\dimen103
\Gin@req@width=\dimen104
)
("C:\Program Files\MiKTeX 2.9\tex\latex\graphics\color.sty"
Package: color 2016/07/10 v1.1e Standard LaTeX Color (DPC)

("C:\Program Files\MiKTeX 2.9\tex\latex\graphics-cfg\color.cfg"
File: color.cfg 2016/01/02 v1.6 sample color configuration
)
Package color Info: Driver file: pdftex.def on input line 147.
)
(C:\Users\ronri\AppData\Roaming\MiKTeX\2.9\tex\latex\framed\framed.sty
Package: framed 2011/10/22 v 0.96: framed or shaded text with page breaks
\OuterFrameSep=\skip43
\fb@frw=\dimen105
\fb@frh=\dimen106
\FrameRule=\dimen107
\FrameSep=\dimen108
)
("C:\Program Files\MiKTeX 2.9\tex\latex\base\alltt.sty"
Package: alltt 1997/06/16 v2.0g defines alltt environment
)
(C:\Users\ronri\AppData\Roaming\MiKTeX\2.9\tex\latex\upquote\upquote.sty
Package: upquote 2012/04/19 v1.3 upright-quote and grave-accent glyphs in verba
tim
)
(arithmetic.aux)
\openout1 = `arithmetic.aux'.

LaTeX Font Info:    Checking defaults for OML/cmm/m/it on input line 53.
LaTeX Font Info:    ... okay on input line 53.
LaTeX Font Info:    Checking defaults for T1/cmr/m/n on input line 53.
LaTeX Font Info:    ... okay on input line 53.
LaTeX Font Info:    Checking defaults for OT1/cmr/m/n on input line 53.
LaTeX Font Info:    ... okay on input line 53.
LaTeX Font Info:    Checking defaults for OMS/cmsy/m/n on input line 53.
LaTeX Font Info:    ... okay on input line 53.
LaTeX Font Info:    Checking defaults for OMX/cmex/m/n on input line 53.
LaTeX Font Info:    ... okay on input line 53.
LaTeX Font Info:    Checking defaults for U/cmr/m/n on input line 53.
LaTeX Font Info:    ... okay on input line 53.

("C:\Program Files\MiKTeX 2.9\tex\generic\oberdiek\pdftexcmds.sty"
Package: pdftexcmds 2017/03/19 v0.25 Utility functions of pdfTeX for LuaTeX (HO
)

("C:\Program Files\MiKTeX 2.9\tex\generic\oberdiek\ifluatex.sty"
Package: ifluatex 2016/05/16 v1.4 Provides the ifluatex switch (HO)
Package ifluatex Info: LuaTeX not detected.
)
("C:\Program Files\MiKTeX 2.9\tex\generic\oberdiek\ifpdf.sty"
Package: ifpdf 2017/03/15 v3.2 Provides the ifpdf switch
)
Package pdftexcmds Info: LuaTeX not detected.
Package pdftexcmds Info: \pdf@primitive is available.
Package pdftexcmds Info: \pdf@ifprimitive is available.
Package pdftexcmds Info: \pdfdraftmode found.
)
("C:\Program Files\MiKTeX 2.9\tex\latex\oberdiek\epstopdf-base.sty"
Package: epstopdf-base 2016/05/15 v2.6 Base part for package epstopdf

("C:\Program Files\MiKTeX 2.9\tex\latex\oberdiek\grfext.sty"
Package: grfext 2016/05/16 v1.2 Manage graphics extensions (HO)

("C:\Program Files\MiKTeX 2.9\tex\generic\oberdiek\kvdefinekeys.sty"
Package: kvdefinekeys 2016/05/16 v1.4 Define keys (HO)
))
("C:\Program Files\MiKTeX 2.9\tex\latex\oberdiek\kvoptions.sty"
Package: kvoptions 2016/05/16 v3.12 Key value format for package options (HO)

("C:\Program Files\MiKTeX 2.9\tex\generic\oberdiek\kvsetkeys.sty"
Package: kvsetkeys 2016/05/16 v1.17 Key value parser (HO)

("C:\Program Files\MiKTeX 2.9\tex\generic\oberdiek\etexcmds.sty"
Package: etexcmds 2016/05/16 v1.6 Avoid name clashes with e-TeX commands (HO)
Package etexcmds Info: Could not find \expanded.
(etexcmds)             That can mean that you are not using pdfTeX 1.50 or
(etexcmds)             that some package has redefined \expanded.
(etexcmds)             In the latter case, load this package earlier.
)))
Package epstopdf-base Info: Redefining graphics rule for `.eps' on input line 4
38.
Package grfext Info: Graphics extension search list:
(grfext)             [.png,.pdf,.jpg,.mps,.jpeg,.jbig2,.jb2,.PNG,.PDF,.JPG,.JPE
G,.JBIG2,.JB2,.eps]
(grfext)             \AppendGraphicsExtensions on input line 456.
)
LaTeX Font Info:    External font `cmex10' loaded for size
(Font)              <12> on input line 57.
LaTeX Font Info:    External font `cmex10' loaded for size
(Font)              <8> on input line 57.
LaTeX Font Info:    External font `cmex10' loaded for size
(Font)              <6> on input line 57.
LaTeX Font Info:    External font `cmex10' loaded for size
(Font)              <7> on input line 64.
LaTeX Font Info:    External font `cmex10' loaded for size
(Font)              <5> on input line 64.
Package color Info: Redefining color shadecolor on input line 67.
Package color Info: Redefining color shadecolor on input line 83.
Package color Info: Redefining color shadecolor on input line 99.
 [1

{C:/ProgramData/MiKTeX/2.9/pdftex/config/pdftex.map}]
Package color Info: Redefining color shadecolor on input line 114.
Package color Info: Redefining color shadecolor on input line 131.
LaTeX Font Info:    Font shape `OT1/cmtt/bx/n' in size <10> not available
(Font)              Font shape `OT1/cmtt/m/n' tried instead on input line 133.
Package color Info: Redefining color shadecolor on input line 141.

Overfull \hbox (59.24648pt too wide) in paragraph at lines 150--150
[]\OT1/cmtt/m/n/10 ##  [1]  1.0  1.1  1.2  1.3  1.4  1.5  1.6  1.7  1.8  1.9  2
.0  2.1  2.2  2.3[] 
 []


Overfull \hbox (59.24648pt too wide) in paragraph at lines 150--150
[]\OT1/cmtt/m/n/10 ## [15]  2.4  2.5  2.6  2.7  2.8  2.9  3.0  3.1  3.2  3.3  3
.4  3.5  3.6  3.7[] 
 []


Overfull \hbox (59.24648pt too wide) in paragraph at lines 150--150
[]\OT1/cmtt/m/n/10 ## [29]  3.8  3.9  4.0  4.1  4.2  4.3  4.4  4.5  4.6  4.7  4
.8  4.9  5.0  5.1[] 
 []


Overfull \hbox (59.24648pt too wide) in paragraph at lines 150--150
[]\OT1/cmtt/m/n/10 ## [43]  5.2  5.3  5.4  5.5  5.6  5.7  5.8  5.9  6.0  6.1  6
.2  6.3  6.4  6.5[] 
 []


Overfull \hbox (59.24648pt too wide) in paragraph at lines 150--150
[]\OT1/cmtt/m/n/10 ## [57]  6.6  6.7  6.8  6.9  7.0  7.1  7.2  7.3  7.4  7.5  7
.6  7.7  7.8  7.9[] 
 []


Overfull \hbox (59.24648pt too wide) in paragraph at lines 150--150
[]\OT1/cmtt/m/n/10 ## [71]  8.0  8.1  8.2  8.3  8.4  8.5  8.6  8.7  8.8  8.9  9
.0  9.1  9.2  9.3[] 
 []

Package color Info: Redefining color shadecolor on input line 156.
Package color Info: Redefining color shadecolor on input line 165.

Overfull \hbox (59.24648pt too wide) in paragraph at lines 177--177
[]\OT1/cmtt/m/n/10 ##  [1]   1.00   1.21   1.44   1.69   1.96   2.25   2.56   2
.89   3.24   3.61[] 
 []


Overfull \hbox (59.24648pt too wide) in paragraph at lines 177--177
[]\OT1/cmtt/m/n/10 ## [11]   4.00   4.41   4.84   5.29   5.76   6.25   6.76   7
.29   7.84   8.41[] 
 []


Overfull \hbox (59.24648pt too wide) in paragraph at lines 177--177
[]\OT1/cmtt/m/n/10 ## [21]   9.00   9.61  10.24  10.89  11.56  12.25  12.96  13
.69  14.44  15.21[] 
 []


Overfull \hbox (59.24648pt too wide) in paragraph at lines 177--177
[]\OT1/cmtt/m/n/10 ## [31]  16.00  16.81  17.64  18.49  19.36  20.25  21.16  22
.09  23.04  24.01[] 
 []


Overfull \hbox (59.24648pt too wide) in paragraph at lines 177--177
[]\OT1/cmtt/m/n/10 ## [41]  25.00  26.01  27.04  28.09  29.16  30.25  31.36  32
.49  33.64  34.81[] 
 []


Overfull \hbox (59.24648pt too wide) in paragraph at lines 177--177
[]\OT1/cmtt/m/n/10 ## [51]  36.00  37.21  38.44  39.69  40.96  42.25  43.56  44
.89  46.24  47.61[] 
 []


Overfull \hbox (59.24648pt too wide) in paragraph at lines 177--177
[]\OT1/cmtt/m/n/10 ## [61]  49.00  50.41  51.84  53.29  54.76  56.25  57.76  59
.29  60.84  62.41[] 
 []


Overfull \hbox (59.24648pt too wide) in paragraph at lines 177--177
[]\OT1/cmtt/m/n/10 ## [71]  64.00  65.61  67.24  68.89  70.56  72.25  73.96  75
.69  77.44  79.21[] 
 []


Overfull \hbox (59.24648pt too wide) in paragraph at lines 177--177
[]\OT1/cmtt/m/n/10 ## [81]  81.00  82.81  84.64  86.49  88.36  90.25  92.16  94
.09  96.04  98.01[] 
 []

[2]
Package color Info: Redefining color shadecolor on input line 183.
 [3]
Underfull \vbox (badness 10000) detected at line 282
 []


Underfull \vbox (badness 10000) detected at line 282
 []

[4]
Package color Info: Redefining color shadecolor on input line 287.
 <figure/unnamed-chunk-10-1.pdf, id=25, 505.89pt x 505.89pt>
File: figure/unnamed-chunk-10-1.pdf Graphic file (type pdf)

<use figure/unnamed-chunk-10-1.pdf>
Package pdftex.def Info: figure/unnamed-chunk-10-1.pdf used on input line 294.
(pdftex.def)             Requested size: 345.0pt x 345.00414pt.

Overfull \hbox (15.0pt too wide) in paragraph at lines 294--295
[][] 
 []

[5] [6 <./figure/unnamed-chunk-10-1.pdf>] (arithmetic.aux) ) 
Here is how much of TeX's memory you used:
 1347 strings out of 493323
 19476 string characters out of 3139065
 89127 words of memory out of 3000000
 4880 multiletter control sequences out of 15000+200000
 8401 words of font info for 30 fonts, out of 3000000 for 9000
 1141 hyphenation exceptions out of 8191
 39i,8n,25p,290b,244s stack positions out of 5000i,500n,10000p,200000b,50000s
<C:/Program Files/M
iKTeX 2.9/fonts/type1/public/amsfonts/cm/cmbx12.pfb><C:/Program Files/MiKTeX 2.
9/fonts/type1/public/amsfonts/cm/cmbx9.pfb><C:/Program Files/MiKTeX 2.9/fonts/t
ype1/public/amsfonts/cm/cmr10.pfb><C:/Program Files/MiKTeX 2.9/fonts/type1/publ
ic/amsfonts/cm/cmr12.pfb><C:/Program Files/MiKTeX 2.9/fonts/type1/public/amsfon
ts/cm/cmr17.pfb><C:/Program Files/MiKTeX 2.9/fonts/type1/public/amsfonts/cm/cmr
6.pfb><C:/Program Files/MiKTeX 2.9/fonts/type1/public/amsfonts/cm/cmr7.pfb><C:/
Program Files/MiKTeX 2.9/fonts/type1/public/amsfonts/cm/cmr8.pfb><C:/Program Fi
les/MiKTeX 2.9/fonts/type1/public/amsfonts/cm/cmr9.pfb><C:/Program Files/MiKTeX
 2.9/fonts/type1/public/amsfonts/cm/cmti10.pfb><C:/Program Files/MiKTeX 2.9/fon
ts/type1/public/amsfonts/cm/cmtt10.pfb>
Output written on arithmetic.pdf (6 pages, 140525 bytes).
PDF statistics:
 71 PDF objects out of 1000 (max. 8388607)
 0 named destinations out of 1000 (max. 500000)
 6 words of extra memory for PDF output out of 10000 (max. 10000000)

