This is pdfTeX, Version 3.14159265-2.6-1.40.18 (MiKTeX 2.9.6350 64-bit) (preloaded format=pdflatex 2017.10.16)  30 OCT 2017 12:45
entering extended mode
**./janeausten.tex
(janeausten.tex
LaTeX2e <2017-04-15>
Babel <3.10> and hyphenation patterns for 75 language(s) loaded.
("C:\Program Files\MiKTeX 2.9\tex\latex\base\article.cls"
Document Class: article 2014/09/29 v1.4h Standard LaTeX document class
("C:\Program Files\MiKTeX 2.9\tex\latex\base\size10.clo"
File: size10.clo 2014/09/29 v1.4h Standard LaTeX file (size option)
)
\c@part=\count79
\c@section=\count80
\c@subsection=\count81
\c@subsubsection=\count82
\c@paragraph=\count83
\c@subparagraph=\count84
\c@figure=\count85
\c@table=\count86
\abovecaptionskip=\skip41
\belowcaptionskip=\skip42
\bibindent=\dimen102
)
("C:\Program Files\MiKTeX 2.9\tex\latex\graphics\graphicx.sty"
Package: graphicx 2014/10/28 v1.0g Enhanced LaTeX Graphics (DPC,SPQR)

("C:\Program Files\MiKTeX 2.9\tex\latex\graphics\keyval.sty"
Package: keyval 2014/10/28 v1.15 key=value parser (DPC)
\KV@toks@=\toks14
)
("C:\Program Files\MiKTeX 2.9\tex\latex\graphics\graphics.sty"
Package: graphics 2017/04/14 v1.1b Standard LaTeX Graphics (DPC,SPQR)

("C:\Program Files\MiKTeX 2.9\tex\latex\graphics\trig.sty"
Package: trig 2016/01/03 v1.10 sin cos tan (DPC)
)
("C:\Program Files\MiKTeX 2.9\tex\latex\graphics-cfg\graphics.cfg"
File: graphics.cfg 2016/06/04 v1.11 sample graphics configuration
)
Package graphics Info: Driver file: pdftex.def on input line 99.

("C:\Program Files\MiKTeX 2.9\tex\latex\graphics-def\pdftex.def"
File: pdftex.def 2017/01/12 v0.06k Graphics/color for pdfTeX

("C:\Program Files\MiKTeX 2.9\tex\generic\oberdiek\infwarerr.sty"
Package: infwarerr 2016/05/16 v1.4 Providing info/warning/error messages (HO)
)
("C:\Program Files\MiKTeX 2.9\tex\generic\oberdiek\ltxcmds.sty"
Package: ltxcmds 2016/05/16 v1.23 LaTeX kernel commands for general use (HO)
)
\Gread@gobject=\count87
))
\Gin@req@height=\dimen103
\Gin@req@width=\dimen104
)
("C:\Program Files\MiKTeX 2.9\tex\latex\graphics\color.sty"
Package: color 2016/07/10 v1.1e Standard LaTeX Color (DPC)

("C:\Program Files\MiKTeX 2.9\tex\latex\graphics-cfg\color.cfg"
File: color.cfg 2016/01/02 v1.6 sample color configuration
)
Package color Info: Driver file: pdftex.def on input line 147.
)
(C:\Users\ronri\AppData\Roaming\MiKTeX\2.9\tex\latex\framed\framed.sty
Package: framed 2011/10/22 v 0.96: framed or shaded text with page breaks
\OuterFrameSep=\skip43
\fb@frw=\dimen105
\fb@frh=\dimen106
\FrameRule=\dimen107
\FrameSep=\dimen108
)
("C:\Program Files\MiKTeX 2.9\tex\latex\base\alltt.sty"
Package: alltt 1997/06/16 v2.0g defines alltt environment
)
(C:\Users\ronri\AppData\Roaming\MiKTeX\2.9\tex\latex\natbib\natbib.sty
Package: natbib 2010/09/13 8.31b (PWD, AO)
\bibhang=\skip44
\bibsep=\skip45
LaTeX Info: Redefining \cite on input line 694.
\c@NAT@ctr=\count88
)
(C:\Users\ronri\AppData\Roaming\MiKTeX\2.9\tex\latex\upquote\upquote.sty
Package: upquote 2012/04/19 v1.3 upright-quote and grave-accent glyphs in verba
tim
)
(janeausten.aux)
\openout1 = `janeausten.aux'.

LaTeX Font Info:    Checking defaults for OML/cmm/m/it on input line 54.
LaTeX Font Info:    ... okay on input line 54.
LaTeX Font Info:    Checking defaults for T1/cmr/m/n on input line 54.
LaTeX Font Info:    ... okay on input line 54.
LaTeX Font Info:    Checking defaults for OT1/cmr/m/n on input line 54.
LaTeX Font Info:    ... okay on input line 54.
LaTeX Font Info:    Checking defaults for OMS/cmsy/m/n on input line 54.
LaTeX Font Info:    ... okay on input line 54.
LaTeX Font Info:    Checking defaults for OMX/cmex/m/n on input line 54.
LaTeX Font Info:    ... okay on input line 54.
LaTeX Font Info:    Checking defaults for U/cmr/m/n on input line 54.
LaTeX Font Info:    ... okay on input line 54.

(C:\Users\ronri\AppData\Roaming\MiKTeX\2.9\tex\context\base\supp-pdf.mkii
[Loading MPS to PDF converter (version 2006.09.02).]
\scratchcounter=\count89
\scratchdimen=\dimen109
\scratchbox=\box26
\nofMPsegments=\count90
\nofMParguments=\count91
\everyMPshowfont=\toks15
\MPscratchCnt=\count92
\MPscratchDim=\dimen110
\MPnumerator=\count93
\makeMPintoPDFobject=\count94
\everyMPtoPDFconversion=\toks16
) ("C:\Program Files\MiKTeX 2.9\tex\generic\oberdiek\pdftexcmds.sty"
Package: pdftexcmds 2017/03/19 v0.25 Utility functions of pdfTeX for LuaTeX (HO
)

("C:\Program Files\MiKTeX 2.9\tex\generic\oberdiek\ifluatex.sty"
Package: ifluatex 2016/05/16 v1.4 Provides the ifluatex switch (HO)
Package ifluatex Info: LuaTeX not detected.
)
("C:\Program Files\MiKTeX 2.9\tex\generic\oberdiek\ifpdf.sty"
Package: ifpdf 2017/03/15 v3.2 Provides the ifpdf switch
)
Package pdftexcmds Info: LuaTeX not detected.
Package pdftexcmds Info: \pdf@primitive is available.
Package pdftexcmds Info: \pdf@ifprimitive is available.
Package pdftexcmds Info: \pdfdraftmode found.
)
("C:\Program Files\MiKTeX 2.9\tex\latex\oberdiek\epstopdf-base.sty"
Package: epstopdf-base 2016/05/15 v2.6 Base part for package epstopdf

("C:\Program Files\MiKTeX 2.9\tex\latex\oberdiek\grfext.sty"
Package: grfext 2016/05/16 v1.2 Manage graphics extensions (HO)

("C:\Program Files\MiKTeX 2.9\tex\generic\oberdiek\kvdefinekeys.sty"
Package: kvdefinekeys 2016/05/16 v1.4 Define keys (HO)
))
("C:\Program Files\MiKTeX 2.9\tex\latex\oberdiek\kvoptions.sty"
Package: kvoptions 2016/05/16 v3.12 Key value format for package options (HO)

("C:\Program Files\MiKTeX 2.9\tex\generic\oberdiek\kvsetkeys.sty"
Package: kvsetkeys 2016/05/16 v1.17 Key value parser (HO)

("C:\Program Files\MiKTeX 2.9\tex\generic\oberdiek\etexcmds.sty"
Package: etexcmds 2016/05/16 v1.6 Avoid name clashes with e-TeX commands (HO)
Package etexcmds Info: Could not find \expanded.
(etexcmds)             That can mean that you are not using pdfTeX 1.50 or
(etexcmds)             that some package has redefined \expanded.
(etexcmds)             In the latter case, load this package earlier.
)))
Package epstopdf-base Info: Redefining graphics rule for `.eps' on input line 4
38.
Package grfext Info: Graphics extension search list:
(grfext)             [.png,.pdf,.jpg,.mps,.jpeg,.jbig2,.jb2,.PNG,.PDF,.JPG,.JPE
G,.JBIG2,.JB2,.eps]
(grfext)             \AppendGraphicsExtensions on input line 456.
)
LaTeX Font Info:    External font `cmex10' loaded for size
(Font)              <12> on input line 58.
LaTeX Font Info:    External font `cmex10' loaded for size
(Font)              <8> on input line 58.
LaTeX Font Info:    External font `cmex10' loaded for size
(Font)              <6> on input line 58.
LaTeX Font Info:    External font `cmex10' loaded for size
(Font)              <7> on input line 65.
LaTeX Font Info:    External font `cmex10' loaded for size
(Font)              <5> on input line 65.
Package color Info: Redefining color shadecolor on input line 71.
LaTeX Font Info:    Font shape `OT1/cmtt/bx/n' in size <10> not available
(Font)              Font shape `OT1/cmtt/m/n' tried instead on input line 73.
Package color Info: Redefining color shadecolor on input line 82.

Overfull \hbox (53.99652pt too wide) in paragraph at lines 114--114
[]\OT1/cmtt/m/n/10 ##                                                          
            text[] 
 []


Overfull \hbox (53.99652pt too wide) in paragraph at lines 114--114
[]\OT1/cmtt/m/n/10 ##                                                          
           <chr>[] 
 []


Overfull \hbox (53.99652pt too wide) in paragraph at lines 114--114
[]\OT1/cmtt/m/n/10 ##  1                                                  SENSE
 AND SENSIBILITY[] 
 []


Overfull \hbox (53.99652pt too wide) in paragraph at lines 114--114
[]\OT1/cmtt/m/n/10 ##  3                                                       
  by Jane Austen[] 
 []


Overfull \hbox (53.99652pt too wide) in paragraph at lines 114--114
[]\OT1/cmtt/m/n/10 ##  5                                                       
          (1811)[] 
 []


Overfull \hbox (53.99652pt too wide) in paragraph at lines 114--114
[]\OT1/cmtt/m/n/10 ## 10                                                       
       CHAPTER 1[] 
 []


Overfull \hbox (53.99652pt too wide) in paragraph at lines 114--114
[]\OT1/cmtt/m/n/10 ## 13  The family of Dashwood had long been settled in Susse
x.  Their estate[] 
 []


Overfull \hbox (53.99652pt too wide) in paragraph at lines 114--114
[]\OT1/cmtt/m/n/10 ## 14   was large, and their residence was at Norland Park, 
in the centre of[] 
 []


Overfull \hbox (53.99652pt too wide) in paragraph at lines 114--114
[]\OT1/cmtt/m/n/10 ## 15      their property, where, for many generations, they
 had lived in so[] 
 []


Overfull \hbox (53.99652pt too wide) in paragraph at lines 114--114
[]\OT1/cmtt/m/n/10 ## 16    respectable a manner as to engage the general good 
opinion of their[] 
 []


Overfull \hbox (53.99652pt too wide) in paragraph at lines 114--114
[]\OT1/cmtt/m/n/10 ## 17  surrounding acquaintance.  The late owner of this est
ate was a single[] 
 []


Overfull \hbox (53.99652pt too wide) in paragraph at lines 114--114
[]\OT1/cmtt/m/n/10 ## 18   man, who lived to a very advanced age, and who for m
any years of his[] 
 []


Overfull \hbox (53.99652pt too wide) in paragraph at lines 114--114
[]\OT1/cmtt/m/n/10 ## 19 life, had a constant companion and housekeeper in his 
sister.  But her[] 
 []


Overfull \hbox (53.99652pt too wide) in paragraph at lines 114--114
[]\OT1/cmtt/m/n/10 ## 20       death, which happened ten years before his own, 
produced a great[] 
 []


Overfull \hbox (6.74693pt too wide) in paragraph at lines 114--114
[]\OT1/cmtt/m/n/10 ## # ... with 1.26e+04 more rows, and 1 more variables: book
 <fctr>[] 
 []

[1

{C:/ProgramData/MiKTeX/2.9/pdftex/config/pdftex.map}]
Package color Info: Redefining color shadecolor on input line 124.

Overfull \hbox (59.24648pt too wide) in paragraph at lines 156--156
[]\OT1/cmtt/m/n/10 ##                                                          
             text[] 
 []


Overfull \hbox (59.24648pt too wide) in paragraph at lines 156--156
[]\OT1/cmtt/m/n/10 ##                                                          
            <chr>[] 
 []


Overfull \hbox (59.24648pt too wide) in paragraph at lines 156--156
[]\OT1/cmtt/m/n/10 ##  1                                                   SENS
E AND SENSIBILITY[] 
 []


Overfull \hbox (59.24648pt too wide) in paragraph at lines 156--156
[]\OT1/cmtt/m/n/10 ##  3                                                       
   by Jane Austen[] 
 []


Overfull \hbox (59.24648pt too wide) in paragraph at lines 156--156
[]\OT1/cmtt/m/n/10 ##  5                                                       
           (1811)[] 
 []


Overfull \hbox (59.24648pt too wide) in paragraph at lines 156--156
[]\OT1/cmtt/m/n/10 ## 12   The family of Dashwood had long been settled in Suss
ex.  Their estate[] 
 []


Overfull \hbox (59.24648pt too wide) in paragraph at lines 156--156
[]\OT1/cmtt/m/n/10 ## 13    was large, and their residence was at Norland Park,
 in the centre of[] 
 []


Overfull \hbox (59.24648pt too wide) in paragraph at lines 156--156
[]\OT1/cmtt/m/n/10 ## 14       their property, where, for many generations, the
y had lived in so[] 
 []


Overfull \hbox (59.24648pt too wide) in paragraph at lines 156--156
[]\OT1/cmtt/m/n/10 ## 15     respectable a manner as to engage the general good
 opinion of their[] 
 []


Overfull \hbox (59.24648pt too wide) in paragraph at lines 156--156
[]\OT1/cmtt/m/n/10 ## 16   surrounding acquaintance.  The late owner of this es
tate was a single[] 
 []


Overfull \hbox (59.24648pt too wide) in paragraph at lines 156--156
[]\OT1/cmtt/m/n/10 ## 17    man, who lived to a very advanced age, and who for 
many years of his[] 
 []


Overfull \hbox (59.24648pt too wide) in paragraph at lines 156--156
[]\OT1/cmtt/m/n/10 ## 18  life, had a constant companion and housekeeper in his
 sister.  But her[] 
 []


Overfull \hbox (59.24648pt too wide) in paragraph at lines 156--156
[]\OT1/cmtt/m/n/10 ## 19        death, which happened ten years before his own,
 produced a great[] 
 []


Overfull \hbox (59.24648pt too wide) in paragraph at lines 156--156
[]\OT1/cmtt/m/n/10 ## 20 alteration in his home; for to supply her loss, he inv
ited and received[] 
 []


Overfull \hbox (11.99689pt too wide) in paragraph at lines 156--156
[]\OT1/cmtt/m/n/10 ## # ... with 1.255e+04 more rows, and 1 more variables: boo
k <fctr>[] 
 []

[2]
Package color Info: Redefining color shadecolor on input line 163.
Package color Info: Redefining color shadecolor on input line 174.
Package color Info: Redefining color shadecolor on input line 186.
 [3]
Package color Info: Redefining color shadecolor on input line 210.
Package color Info: Redefining color shadecolor on input line 235.
 <figure/unnamed-chunk-8-1.pdf, id=22, 505.89pt x 505.89pt>
File: figure/unnamed-chunk-8-1.pdf Graphic file (type pdf)

<use figure/unnamed-chunk-8-1.pdf>
Package pdftex.def Info: figure/unnamed-chunk-8-1.pdf used on input line 241.
(pdftex.def)             Requested size: 345.0pt x 345.00414pt.

Overfull \hbox (15.0pt too wide) in paragraph at lines 241--242
[][] 
 []

(janeausten.bbl [4]) [5 <./figure/unnamed-chunk-8-1.pdf>] (janeausten.aux) ) 
Here is how much of TeX's memory you used:
 1984 strings out of 493323
 27511 string characters out of 3139065
 98813 words of memory out of 3000000
 5506 multiletter control sequences out of 15000+200000
 8401 words of font info for 30 fonts, out of 3000000 for 9000
 1141 hyphenation exceptions out of 8191
 39i,8n,25p,320b,246s stack positions out of 5000i,500n,10000p,200000b,50000s
<C:
/Program Files/MiKTeX 2.9/fonts/type1/public/amsfonts/cm/cmbx12.pfb><C:/Program
 Files/MiKTeX 2.9/fonts/type1/public/amsfonts/cm/cmbx9.pfb><C:/Program Files/Mi
KTeX 2.9/fonts/type1/public/amsfonts/cm/cmr10.pfb><C:/Program Files/MiKTeX 2.9/
fonts/type1/public/amsfonts/cm/cmr12.pfb><C:/Program Files/MiKTeX 2.9/fonts/typ
e1/public/amsfonts/cm/cmr17.pfb><C:/Program Files/MiKTeX 2.9/fonts/type1/public
/amsfonts/cm/cmr6.pfb><C:/Program Files/MiKTeX 2.9/fonts/type1/public/amsfonts/
cm/cmr7.pfb><C:/Program Files/MiKTeX 2.9/fonts/type1/public/amsfonts/cm/cmr8.pf
b><C:/Program Files/MiKTeX 2.9/fonts/type1/public/amsfonts/cm/cmr9.pfb><C:/Prog
ram Files/MiKTeX 2.9/fonts/type1/public/amsfonts/cm/cmti10.pfb><C:/Program File
s/MiKTeX 2.9/fonts/type1/public/amsfonts/cm/cmtt10.pfb>
Output written on janeausten.pdf (5 pages, 160518 bytes).
PDF statistics:
 68 PDF objects out of 1000 (max. 8388607)
 0 named destinations out of 1000 (max. 500000)
 6 words of extra memory for PDF output out of 10000 (max. 10000000)

